This file contains any messages produced by compilers while
running configure, to aid debugging if configure makes a mistake.

It was created by ossfs configure 1.74, which was
generated by GNU Autoconf 2.69.  Invocation command line was

  $ ./configure 

## --------- ##
## Platform. ##
## --------- ##

hostname = iZ23w9qvgulZ
uname -m = x86_64
uname -r = 3.13.0-32-generic
uname -s = Linux
uname -v = #57-Ubuntu SMP Tue Jul 15 03:51:08 UTC 2014

/usr/bin/uname -p = unknown
/bin/uname -X     = unknown

/bin/arch              = unknown
/usr/bin/arch -k       = unknown
/usr/convex/getsysinfo = unknown
/usr/bin/hostinfo      = unknown
/bin/machine           = unknown
/usr/bin/oslevel       = unknown
/bin/universe          = unknown

PATH: /root/jingwen.hjw/software/emacs/bin
PATH: /root/jingwen.hjw/software/emacs/bin
PATH: /usr/local/sbin
PATH: /usr/local/bin
PATH: /usr/sbin
PATH: /usr/bin
PATH: /sbin
PATH: /bin
PATH: /usr/games
PATH: /usr/local/games


## ----------- ##
## Core tests. ##
## ----------- ##

configure:2258: checking build system type
configure:2272: result: x86_64-unknown-linux-gnu
configure:2292: checking host system type
configure:2305: result: x86_64-unknown-linux-gnu
configure:2325: checking target system type
configure:2338: result: x86_64-unknown-linux-gnu
configure:2381: checking for a BSD-compatible install
configure:2449: result: /usr/bin/install -c
configure:2460: checking whether build environment is sane
configure:2515: result: yes
configure:2553: WARNING: 'missing' script is too old or missing
configure:2666: checking for a thread-safe mkdir -p
configure:2705: result: /bin/mkdir -p
configure:2712: checking for gawk
configure:2742: result: no
configure:2712: checking for mawk
configure:2728: found /usr/bin/mawk
configure:2739: result: mawk
configure:2750: checking whether make sets $(MAKE)
configure:2772: result: yes
configure:2801: checking whether make supports nested variables
configure:2818: result: yes
configure:3002: checking for g++
configure:3018: found /usr/bin/g++
configure:3029: result: g++
configure:3056: checking for C++ compiler version
configure:3065: g++ --version >&5
g++ (Ubuntu 4.8.4-2ubuntu1~14.04) 4.8.4
Copyright (C) 2013 Free Software Foundation, Inc.
This is free software; see the source for copying conditions.  There is NO
warranty; not even for MERCHANTABILITY or FITNESS FOR A PARTICULAR PURPOSE.

configure:3076: $? = 0
configure:3065: g++ -v >&5
Using built-in specs.
COLLECT_GCC=g++
COLLECT_LTO_WRAPPER=/usr/lib/gcc/x86_64-linux-gnu/4.8/lto-wrapper
Target: x86_64-linux-gnu
Configured with: ../src/configure -v --with-pkgversion='Ubuntu 4.8.4-2ubuntu1~14.04' --with-bugurl=file:///usr/share/doc/gcc-4.8/README.Bugs --enable-languages=c,c++,java,go,d,fortran,objc,obj-c++ --prefix=/usr --program-suffix=-4.8 --enable-shared --enable-linker-build-id --libexecdir=/usr/lib --without-included-gettext --enable-threads=posix --with-gxx-include-dir=/usr/include/c++/4.8 --libdir=/usr/lib --enable-nls --with-sysroot=/ --enable-clocale=gnu --enable-libstdcxx-debug --enable-libstdcxx-time=yes --enable-gnu-unique-object --disable-libmudflap --enable-plugin --with-system-zlib --disable-browser-plugin --enable-java-awt=gtk --enable-gtk-cairo --with-java-home=/usr/lib/jvm/java-1.5.0-gcj-4.8-amd64/jre --enable-java-home --with-jvm-root-dir=/usr/lib/jvm/java-1.5.0-gcj-4.8-amd64 --with-jvm-jar-dir=/usr/lib/jvm-exports/java-1.5.0-gcj-4.8-amd64 --with-arch-directory=amd64 --with-ecj-jar=/usr/share/java/eclipse-ecj.jar --enable-objc-gc --enable-multiarch --disable-werror --with-arch-32=i686 --with-abi=m64 --with-multilib-list=m32,m64,mx32 --with-tune=generic --enable-checking=release --build=x86_64-linux-gnu --host=x86_64-linux-gnu --target=x86_64-linux-gnu
Thread model: posix
gcc version 4.8.4 (Ubuntu 4.8.4-2ubuntu1~14.04) 
configure:3076: $? = 0
configure:3065: g++ -V >&5
g++: error: unrecognized command line option '-V'
g++: fatal error: no input files
compilation terminated.
configure:3076: $? = 4
configure:3065: g++ -qversion >&5
g++: error: unrecognized command line option '-qversion'
g++: fatal error: no input files
compilation terminated.
configure:3076: $? = 4
configure:3096: checking whether the C++ compiler works
configure:3118: g++    conftest.cpp  >&5
configure:3122: $? = 0
configure:3170: result: yes
configure:3173: checking for C++ compiler default output file name
configure:3175: result: a.out
configure:3181: checking for suffix of executables
configure:3188: g++ -o conftest    conftest.cpp  >&5
configure:3192: $? = 0
configure:3214: result: 
configure:3236: checking whether we are cross compiling
configure:3244: g++ -o conftest    conftest.cpp  >&5
configure:3248: $? = 0
configure:3255: ./conftest
configure:3259: $? = 0
configure:3274: result: no
configure:3279: checking for suffix of object files
configure:3301: g++ -c   conftest.cpp >&5
configure:3305: $? = 0
configure:3326: result: o
configure:3330: checking whether we are using the GNU C++ compiler
configure:3349: g++ -c   conftest.cpp >&5
configure:3349: $? = 0
configure:3358: result: yes
configure:3367: checking whether g++ accepts -g
configure:3387: g++ -c -g  conftest.cpp >&5
configure:3387: $? = 0
configure:3428: result: yes
configure:3462: checking for style of include used by make
configure:3490: result: GNU
configure:3516: checking dependency style of g++
configure:3627: result: gcc3
configure:3699: checking for pkg-config
configure:3717: found /usr/bin/pkg-config
configure:3729: result: /usr/bin/pkg-config
configure:3754: checking pkg-config is at least version 0.9.0
configure:3757: result: yes
configure:3767: checking for DEPS
configure:3774: $PKG_CONFIG --exists --print-errors "fuse >= 2.8.4 libcurl >= 7.0 libxml-2.0 >= 2.6 libcrypto >= 0.9"
configure:3777: $? = 0
configure:3791: $PKG_CONFIG --exists --print-errors "fuse >= 2.8.4 libcurl >= 7.0 libxml-2.0 >= 2.6 libcrypto >= 0.9"
configure:3794: $? = 0
configure:3852: result: yes
configure:3905: checking for gcc
configure:3921: found /usr/bin/gcc
configure:3932: result: gcc
configure:4161: checking for C compiler version
configure:4170: gcc --version >&5
gcc (Ubuntu 4.8.4-2ubuntu1~14.04) 4.8.4
Copyright (C) 2013 Free Software Foundation, Inc.
This is free software; see the source for copying conditions.  There is NO
warranty; not even for MERCHANTABILITY or FITNESS FOR A PARTICULAR PURPOSE.

configure:4181: $? = 0
configure:4170: gcc -v >&5
Using built-in specs.
COLLECT_GCC=gcc
COLLECT_LTO_WRAPPER=/usr/lib/gcc/x86_64-linux-gnu/4.8/lto-wrapper
Target: x86_64-linux-gnu
Configured with: ../src/configure -v --with-pkgversion='Ubuntu 4.8.4-2ubuntu1~14.04' --with-bugurl=file:///usr/share/doc/gcc-4.8/README.Bugs --enable-languages=c,c++,java,go,d,fortran,objc,obj-c++ --prefix=/usr --program-suffix=-4.8 --enable-shared --enable-linker-build-id --libexecdir=/usr/lib --without-included-gettext --enable-threads=posix --with-gxx-include-dir=/usr/include/c++/4.8 --libdir=/usr/lib --enable-nls --with-sysroot=/ --enable-clocale=gnu --enable-libstdcxx-debug --enable-libstdcxx-time=yes --enable-gnu-unique-object --disable-libmudflap --enable-plugin --with-system-zlib --disable-browser-plugin --enable-java-awt=gtk --enable-gtk-cairo --with-java-home=/usr/lib/jvm/java-1.5.0-gcj-4.8-amd64/jre --enable-java-home --with-jvm-root-dir=/usr/lib/jvm/java-1.5.0-gcj-4.8-amd64 --with-jvm-jar-dir=/usr/lib/jvm-exports/java-1.5.0-gcj-4.8-amd64 --with-arch-directory=amd64 --with-ecj-jar=/usr/share/java/eclipse-ecj.jar --enable-objc-gc --enable-multiarch --disable-werror --with-arch-32=i686 --with-abi=m64 --with-multilib-list=m32,m64,mx32 --with-tune=generic --enable-checking=release --build=x86_64-linux-gnu --host=x86_64-linux-gnu --target=x86_64-linux-gnu
Thread model: posix
gcc version 4.8.4 (Ubuntu 4.8.4-2ubuntu1~14.04) 
configure:4181: $? = 0
configure:4170: gcc -V >&5
gcc: error: unrecognized command line option '-V'
gcc: fatal error: no input files
compilation terminated.
configure:4181: $? = 4
configure:4170: gcc -qversion >&5
gcc: error: unrecognized command line option '-qversion'
gcc: fatal error: no input files
compilation terminated.
configure:4181: $? = 4
configure:4185: checking whether we are using the GNU C compiler
configure:4204: gcc -c   conftest.c >&5
configure:4204: $? = 0
configure:4213: result: yes
configure:4222: checking whether gcc accepts -g
configure:4242: gcc -c -g  conftest.c >&5
configure:4242: $? = 0
configure:4283: result: yes
configure:4300: checking for gcc option to accept ISO C89
configure:4363: gcc  -c -g -O2  conftest.c >&5
configure:4363: $? = 0
configure:4376: result: none needed
configure:4401: checking whether gcc understands -c and -o together
configure:4423: gcc -c conftest.c -o conftest2.o
configure:4426: $? = 0
configure:4423: gcc -c conftest.c -o conftest2.o
configure:4426: $? = 0
configure:4438: result: yes
configure:4457: checking dependency style of gcc
configure:4568: result: gcc3
configure:4586: checking for malloc_trim
configure:4586: gcc -o conftest -g -O2   conftest.c  >&5
configure:4586: $? = 0
configure:4586: result: yes
configure:4596: checking Initializing libcurl build with NSS
configure:4616: result: no
configure:4628: checking how to run the C preprocessor
configure:4659: gcc -E  conftest.c
configure:4659: $? = 0
configure:4673: gcc -E  conftest.c
conftest.c:12:28: fatal error: ac_nonexistent.h: No such file or directory
 #include <ac_nonexistent.h>
                            ^
compilation terminated.
configure:4673: $? = 1
configure: failed program was:
| /* confdefs.h */
| #define PACKAGE_NAME "ossfs"
| #define PACKAGE_TARNAME "ossfs"
| #define PACKAGE_VERSION "1.74"
| #define PACKAGE_STRING "ossfs 1.74"
| #define PACKAGE_BUGREPORT ""
| #define PACKAGE_URL ""
| #define PACKAGE "ossfs"
| #define VERSION "1.74"
| #define HAVE_MALLOC_TRIM 1
| /* end confdefs.h.  */
| #include <ac_nonexistent.h>
configure:4698: result: gcc -E
configure:4718: gcc -E  conftest.c
configure:4718: $? = 0
configure:4732: gcc -E  conftest.c
conftest.c:12:28: fatal error: ac_nonexistent.h: No such file or directory
 #include <ac_nonexistent.h>
                            ^
compilation terminated.
configure:4732: $? = 1
configure: failed program was:
| /* confdefs.h */
| #define PACKAGE_NAME "ossfs"
| #define PACKAGE_TARNAME "ossfs"
| #define PACKAGE_VERSION "1.74"
| #define PACKAGE_STRING "ossfs 1.74"
| #define PACKAGE_BUGREPORT ""
| #define PACKAGE_URL ""
| #define PACKAGE "ossfs"
| #define VERSION "1.74"
| #define HAVE_MALLOC_TRIM 1
| /* end confdefs.h.  */
| #include <ac_nonexistent.h>
configure:4761: checking for grep that handles long lines and -e
configure:4819: result: /bin/grep
configure:4824: checking for egrep
configure:4886: result: /bin/grep -E
configure:4891: checking for ANSI C header files
configure:4911: gcc -c -g -O2  conftest.c >&5
configure:4911: $? = 0
configure:4984: gcc -o conftest -g -O2   conftest.c  >&5
configure:4984: $? = 0
configure:4984: ./conftest
configure:4984: $? = 0
configure:4995: result: yes
configure:5008: checking for sys/types.h
configure:5008: gcc -c -g -O2  conftest.c >&5
configure:5008: $? = 0
configure:5008: result: yes
configure:5008: checking for sys/stat.h
configure:5008: gcc -c -g -O2  conftest.c >&5
configure:5008: $? = 0
configure:5008: result: yes
configure:5008: checking for stdlib.h
configure:5008: gcc -c -g -O2  conftest.c >&5
configure:5008: $? = 0
configure:5008: result: yes
configure:5008: checking for string.h
configure:5008: gcc -c -g -O2  conftest.c >&5
configure:5008: $? = 0
configure:5008: result: yes
configure:5008: checking for memory.h
configure:5008: gcc -c -g -O2  conftest.c >&5
configure:5008: $? = 0
configure:5008: result: yes
configure:5008: checking for strings.h
configure:5008: gcc -c -g -O2  conftest.c >&5
configure:5008: $? = 0
configure:5008: result: yes
configure:5008: checking for inttypes.h
configure:5008: gcc -c -g -O2  conftest.c >&5
configure:5008: $? = 0
configure:5008: result: yes
configure:5008: checking for stdint.h
configure:5008: gcc -c -g -O2  conftest.c >&5
configure:5008: $? = 0
configure:5008: result: yes
configure:5008: checking for unistd.h
configure:5008: gcc -c -g -O2  conftest.c >&5
configure:5008: $? = 0
configure:5008: result: yes
configure:5439: checking that generated files are newer than configure
configure:5445: result: done
configure:5472: creating ./config.status

## ---------------------- ##
## Running config.status. ##
## ---------------------- ##

This file was extended by ossfs config.status 1.74, which was
generated by GNU Autoconf 2.69.  Invocation command line was

  CONFIG_FILES    = 
  CONFIG_HEADERS  = 
  CONFIG_LINKS    = 
  CONFIG_COMMANDS = 
  $ ./config.status 

on iZ23w9qvgulZ

config.status:804: creating Makefile
config.status:804: creating src/Makefile
config.status:804: creating test/Makefile
config.status:804: creating doc/Makefile
config.status:976: executing depfiles commands

## ---------------- ##
## Cache variables. ##
## ---------------- ##

ac_cv_build=x86_64-unknown-linux-gnu
ac_cv_c_compiler_gnu=yes
ac_cv_cxx_compiler_gnu=yes
ac_cv_env_CCC_set=
ac_cv_env_CCC_value=
ac_cv_env_CC_set=
ac_cv_env_CC_value=
ac_cv_env_CFLAGS_set=
ac_cv_env_CFLAGS_value=
ac_cv_env_CPPFLAGS_set=
ac_cv_env_CPPFLAGS_value=
ac_cv_env_CPP_set=
ac_cv_env_CPP_value=
ac_cv_env_CXXFLAGS_set=
ac_cv_env_CXXFLAGS_value=
ac_cv_env_CXX_set=
ac_cv_env_CXX_value=
ac_cv_env_DEPS_CFLAGS_set=
ac_cv_env_DEPS_CFLAGS_value=
ac_cv_env_DEPS_LIBS_set=
ac_cv_env_DEPS_LIBS_value=
ac_cv_env_LDFLAGS_set=
ac_cv_env_LDFLAGS_value=
ac_cv_env_LIBS_set=
ac_cv_env_LIBS_value=
ac_cv_env_PKG_CONFIG_LIBDIR_set=
ac_cv_env_PKG_CONFIG_LIBDIR_value=
ac_cv_env_PKG_CONFIG_PATH_set=
ac_cv_env_PKG_CONFIG_PATH_value=
ac_cv_env_PKG_CONFIG_set=
ac_cv_env_PKG_CONFIG_value=
ac_cv_env_build_alias_set=
ac_cv_env_build_alias_value=
ac_cv_env_host_alias_set=
ac_cv_env_host_alias_value=
ac_cv_env_target_alias_set=
ac_cv_env_target_alias_value=
ac_cv_func_malloc_trim=yes
ac_cv_header_inttypes_h=yes
ac_cv_header_memory_h=yes
ac_cv_header_stdc=yes
ac_cv_header_stdint_h=yes
ac_cv_header_stdlib_h=yes
ac_cv_header_string_h=yes
ac_cv_header_strings_h=yes
ac_cv_header_sys_stat_h=yes
ac_cv_header_sys_types_h=yes
ac_cv_header_unistd_h=yes
ac_cv_host=x86_64-unknown-linux-gnu
ac_cv_objext=o
ac_cv_path_EGREP='/bin/grep -E'
ac_cv_path_GREP=/bin/grep
ac_cv_path_ac_pt_PKG_CONFIG=/usr/bin/pkg-config
ac_cv_path_install='/usr/bin/install -c'
ac_cv_path_mkdir=/bin/mkdir
ac_cv_prog_AWK=mawk
ac_cv_prog_CPP='gcc -E'
ac_cv_prog_ac_ct_CC=gcc
ac_cv_prog_ac_ct_CXX=g++
ac_cv_prog_cc_c89=
ac_cv_prog_cc_g=yes
ac_cv_prog_cxx_g=yes
ac_cv_prog_make_make_set=yes
ac_cv_target=x86_64-unknown-linux-gnu
am_cv_CC_dependencies_compiler_type=gcc3
am_cv_CXX_dependencies_compiler_type=gcc3
am_cv_make_support_nested_variables=yes
am_cv_prog_cc_c_o=yes
pkg_cv_DEPS_CFLAGS='-D_FILE_OFFSET_BITS=64 -I/usr/include/fuse -I/usr/include/libxml2  '
pkg_cv_DEPS_LIBS='-pthread -lfuse -lcurl -lxml2 -lcrypto  '

## ----------------- ##
## Output variables. ##
## ----------------- ##

ACLOCAL='aclocal-1.14'
AMDEPBACKSLASH='\'
AMDEP_FALSE='#'
AMDEP_TRUE=''
AMTAR='$${TAR-tar}'
AM_BACKSLASH='\'
AM_DEFAULT_V='$(AM_DEFAULT_VERBOSITY)'
AM_DEFAULT_VERBOSITY='1'
AM_V='$(V)'
AUTOCONF='autoconf'
AUTOHEADER='autoheader'
AUTOMAKE='automake-1.14'
AWK='mawk'
CC='gcc'
CCDEPMODE='depmode=gcc3'
CFLAGS='-g -O2'
CPP='gcc -E'
CPPFLAGS=''
CXX='g++'
CXXDEPMODE='depmode=gcc3'
CXXFLAGS='-g -O2 -Wall -D_FILE_OFFSET_BITS=64'
CYGPATH_W='echo'
DEFS='-DPACKAGE_NAME=\"ossfs\" -DPACKAGE_TARNAME=\"ossfs\" -DPACKAGE_VERSION=\"1.74\" -DPACKAGE_STRING=\"ossfs\ 1.74\" -DPACKAGE_BUGREPORT=\"\" -DPACKAGE_URL=\"\" -DPACKAGE=\"ossfs\" -DVERSION=\"1.74\" -DHAVE_MALLOC_TRIM=1 -DSTDC_HEADERS=1 -DHAVE_SYS_TYPES_H=1 -DHAVE_SYS_STAT_H=1 -DHAVE_STDLIB_H=1 -DHAVE_STRING_H=1 -DHAVE_MEMORY_H=1 -DHAVE_STRINGS_H=1 -DHAVE_INTTYPES_H=1 -DHAVE_STDINT_H=1 -DHAVE_UNISTD_H=1'
DEPDIR='.deps'
DEPS_CFLAGS='-D_FILE_OFFSET_BITS=64 -I/usr/include/fuse -I/usr/include/libxml2  '
DEPS_LIBS='-pthread -lfuse -lcurl -lxml2 -lcrypto  '
ECHO_C=''
ECHO_N='-n'
ECHO_T=''
EGREP='/bin/grep -E'
EXEEXT=''
GREP='/bin/grep'
INSTALL_DATA='${INSTALL} -m 644'
INSTALL_PROGRAM='${INSTALL}'
INSTALL_SCRIPT='${INSTALL}'
INSTALL_STRIP_PROGRAM='$(install_sh) -c -s'
LDFLAGS=''
LIBOBJS=''
LIBS=''
LTLIBOBJS=''
MAKEINFO='makeinfo'
MKDIR_P='/bin/mkdir -p'
NSPRCONFIG=''
NSSCONFIG=''
OBJEXT='o'
PACKAGE='ossfs'
PACKAGE_BUGREPORT=''
PACKAGE_NAME='ossfs'
PACKAGE_STRING='ossfs 1.74'
PACKAGE_TARNAME='ossfs'
PACKAGE_URL=''
PACKAGE_VERSION='1.74'
PATH_SEPARATOR=':'
PKG_CONFIG='/usr/bin/pkg-config'
PKG_CONFIG_LIBDIR=''
PKG_CONFIG_PATH=''
SET_MAKE=''
SHELL='/bin/bash'
STRIP=''
VERSION='1.74'
ac_ct_CC='gcc'
ac_ct_CXX='g++'
am__EXEEXT_FALSE=''
am__EXEEXT_TRUE='#'
am__fastdepCC_FALSE='#'
am__fastdepCC_TRUE=''
am__fastdepCXX_FALSE='#'
am__fastdepCXX_TRUE=''
am__include='include'
am__isrc=''
am__leading_dot='.'
am__nodep='_no'
am__quote=''
am__tar='$${TAR-tar} chof - "$$tardir"'
am__untar='$${TAR-tar} xf -'
bindir='${exec_prefix}/bin'
build='x86_64-unknown-linux-gnu'
build_alias=''
build_cpu='x86_64'
build_os='linux-gnu'
build_vendor='unknown'
datadir='${datarootdir}'
datarootdir='${prefix}/share'
docdir='${datarootdir}/doc/${PACKAGE_TARNAME}'
dvidir='${docdir}'
exec_prefix='${prefix}'
host='x86_64-unknown-linux-gnu'
host_alias=''
host_cpu='x86_64'
host_os='linux-gnu'
host_vendor='unknown'
htmldir='${docdir}'
includedir='${prefix}/include'
infodir='${datarootdir}/info'
install_sh='${SHELL} /root/jingwen.hjw/work/ossfs-fuse/install-sh'
libdir='${exec_prefix}/lib'
libexecdir='${exec_prefix}/libexec'
localedir='${datarootdir}/locale'
localstatedir='${prefix}/var'
mandir='${datarootdir}/man'
mkdir_p='$(MKDIR_P)'
oldincludedir='/usr/include'
pdfdir='${docdir}'
prefix='/usr/local'
program_transform_name='s,x,x,'
psdir='${docdir}'
sbindir='${exec_prefix}/sbin'
sharedstatedir='${prefix}/com'
sysconfdir='${prefix}/etc'
target='x86_64-unknown-linux-gnu'
target_alias=''
target_cpu='x86_64'
target_os='linux-gnu'
target_vendor='unknown'

## ----------- ##
## confdefs.h. ##
## ----------- ##

/* confdefs.h */
#define PACKAGE_NAME "ossfs"
#define PACKAGE_TARNAME "ossfs"
#define PACKAGE_VERSION "1.74"
#define PACKAGE_STRING "ossfs 1.74"
#define PACKAGE_BUGREPORT ""
#define PACKAGE_URL ""
#define PACKAGE "ossfs"
#define VERSION "1.74"
#define HAVE_MALLOC_TRIM 1
#define STDC_HEADERS 1
#define HAVE_SYS_TYPES_H 1
#define HAVE_SYS_STAT_H 1
#define HAVE_STDLIB_H 1
#define HAVE_STRING_H 1
#define HAVE_MEMORY_H 1
#define HAVE_STRINGS_H 1
#define HAVE_INTTYPES_H 1
#define HAVE_STDINT_H 1
#define HAVE_UNISTD_H 1

configure: exit 0
